This file contains any messages produced by compilers while
running configure, to aid debugging if configure makes a mistake.

It was created by FreeType configure 2.5.1, which was
generated by GNU Autoconf 2.69.  Invocation command line was

  $ ./configure --prefix=/opt/local --host=arm-linux

## --------- ##
## Platform. ##
## --------- ##

hostname = fusion
uname -m = i686
uname -r = 3.2.0-56-generic-pae
uname -s = Linux
uname -v = #86-Ubuntu SMP Wed Oct 23 17:51:27 UTC 2013

/usr/bin/uname -p = unknown
/bin/uname -X     = unknown

/bin/arch              = unknown
/usr/bin/arch -k       = unknown
/usr/convex/getsysinfo = unknown
/usr/bin/hostinfo      = unknown
/bin/machine           = unknown
/usr/bin/oslevel       = unknown
/bin/universe          = unknown

PATH: /opt/gcc-linaro-arm-linux-gnueabihf-4.8-2013.04-20130417_linux/bin
PATH: /usr/lib/lightdm/lightdm
PATH: /usr/local/sbin
PATH: /usr/local/bin
PATH: /usr/sbin
PATH: /usr/bin
PATH: /sbin
PATH: /bin
PATH: /usr/games


## ----------- ##
## Core tests. ##
## ----------- ##

configure:2484: checking build system type
configure:2498: result: i686-pc-linux-gnu
configure:2518: checking host system type
configure:2531: result: arm-unknown-linux-gnu
configure:2563: checking for arm-linux-gcc
configure:2590: result: arm-linux-gnueabihf-gcc
configure:2859: checking for C compiler version
configure:2868: arm-linux-gnueabihf-gcc --version >&5
arm-linux-gnueabihf-gcc (crosstool-NG linaro-1.13.1-4.8-2013.04-20130417 - Linaro GCC 2013.04) 4.8.1 20130401 (prerelease)
Copyright (C) 2013 Free Software Foundation, Inc.
This is free software; see the source for copying conditions.  There is NO
warranty; not even for MERCHANTABILITY or FITNESS FOR A PARTICULAR PURPOSE.

configure:2879: $? = 0
configure:2868: arm-linux-gnueabihf-gcc -v >&5
Using built-in specs.
COLLECT_GCC=arm-linux-gnueabihf-gcc
COLLECT_LTO_WRAPPER=/opt/gcc-linaro-arm-linux-gnueabihf-4.8-2013.04-20130417_linux/bin/../libexec/gcc/arm-linux-gnueabihf/4.8.1/lto-wrapper
Target: arm-linux-gnueabihf
Configured with: /cbuild/slaves/oorts/crosstool-ng/builds/arm-linux-gnueabihf-linux/.build/src/gcc-linaro-4.8-2013.04/configure --build=i686-build_pc-linux-gnu --host=i686-build_pc-linux-gnu --target=arm-linux-gnueabihf --prefix=/cbuild/slaves/oorts/crosstool-ng/builds/arm-linux-gnueabihf-linux/install --with-sysroot=/cbuild/slaves/oorts/crosstool-ng/builds/arm-linux-gnueabihf-linux/install/arm-linux-gnueabihf/libc --enable-languages=c,c++,fortran --enable-multilib --with-arch=armv7-a --with-tune=cortex-a9 --with-fpu=vfpv3-d16 --with-float=hard --with-pkgversion='crosstool-NG linaro-1.13.1-4.8-2013.04-20130417 - Linaro GCC 2013.04' --with-bugurl=https://bugs.launchpad.net/gcc-linaro --enable-__cxa_atexit --enable-libmudflap --enable-libgomp --enable-libssp --with-gmp=/cbuild/slaves/oorts/crosstool-ng/builds/arm-linux-gnueabihf-linux/.build/arm-linux-gnueabihf/build/static --with-mpfr=/cbuild/slaves/oorts/crosstool-ng/builds/arm-linux-gnueabihf-linux/.build/arm-linux-gnueabihf/build/static --with-mpc=/cbuild/slaves/oorts/crosstool-ng/builds/arm-linux-gnueabihf-linux/.build/arm-linux-gnueabihf/build/static --with-ppl=/cbuild/slaves/oorts/crosstool-ng/builds/arm-linux-gnueabihf-linux/.build/arm-linux-gnueabihf/build/static --with-cloog=/cbuild/slaves/oorts/crosstool-ng/builds/arm-linux-gnueabihf-linux/.build/arm-linux-gnueabihf/build/static --with-libelf=/cbuild/slaves/oorts/crosstool-ng/builds/arm-linux-gnueabihf-linux/.build/arm-linux-gnueabihf/build/static --with-host-libstdcxx='-L/cbuild/slaves/oorts/crosstool-ng/builds/arm-linux-gnueabihf-linux/.build/arm-linux-gnueabihf/build/static/lib -lpwl' --enable-threads=posix --disable-libstdcxx-pch --enable-linker-build-id --enable-gold --with-local-prefix=/cbuild/slaves/oorts/crosstool-ng/builds/arm-linux-gnueabihf-linux/install/arm-linux-gnueabihf/libc --enable-c99 --enable-long-long --with-mode=thumb --without-isl
Thread model: posix
gcc version 4.8.1 20130401 (prerelease) (crosstool-NG linaro-1.13.1-4.8-2013.04-20130417 - Linaro GCC 2013.04) 
configure:2879: $? = 0
configure:2868: arm-linux-gnueabihf-gcc -V >&5
arm-linux-gnueabihf-gcc: error: unrecognized command line option '-V'
arm-linux-gnueabihf-gcc: fatal error: no input files
compilation terminated.
configure:2879: $? = 1
configure:2868: arm-linux-gnueabihf-gcc -qversion >&5
arm-linux-gnueabihf-gcc: error: unrecognized command line option '-qversion'
arm-linux-gnueabihf-gcc: fatal error: no input files
compilation terminated.
configure:2879: $? = 1
configure:2899: checking whether the C compiler works
configure:2921: arm-linux-gnueabihf-gcc    conftest.c  >&5
configure:2925: $? = 0
configure:2973: result: yes
configure:2976: checking for C compiler default output file name
configure:2978: result: a.out
configure:2984: checking for suffix of executables
configure:2991: arm-linux-gnueabihf-gcc -o conftest    conftest.c  >&5
configure:2995: $? = 0
configure:3017: result: 
configure:3039: checking whether we are cross compiling
configure:3047: arm-linux-gnueabihf-gcc -o conftest    conftest.c  >&5
configure:3051: $? = 0
configure:3058: ./conftest
./configure: line 3060: ./conftest: cannot execute binary file
configure:3062: $? = 126
configure:3077: result: yes
configure:3082: checking for suffix of object files
configure:3104: arm-linux-gnueabihf-gcc -c   conftest.c >&5
configure:3108: $? = 0
configure:3129: result: o
configure:3133: checking whether we are using the GNU C compiler
configure:3152: arm-linux-gnueabihf-gcc -c   conftest.c >&5
configure:3152: $? = 0
configure:3161: result: yes
configure:3170: checking whether arm-linux-gnueabihf-gcc accepts -g
configure:3190: arm-linux-gnueabihf-gcc -c -g  conftest.c >&5
configure:3190: $? = 0
configure:3231: result: yes
configure:3248: checking for arm-linux-gnueabihf-gcc option to accept ISO C89
configure:3311: arm-linux-gnueabihf-gcc  -c -g -O2  conftest.c >&5
configure:3311: $? = 0
configure:3324: result: none needed
configure:3349: checking how to run the C preprocessor
configure:3380: arm-linux-gnueabihf-gcc -E  conftest.c
configure:3380: $? = 0
configure:3394: arm-linux-gnueabihf-gcc -E  conftest.c
conftest.c:9:28: fatal error: ac_nonexistent.h: No such file or directory
 #include <ac_nonexistent.h>
                            ^
compilation terminated.
configure:3394: $? = 1
configure: failed program was:
| /* confdefs.h */
| #define PACKAGE_NAME "FreeType"
| #define PACKAGE_TARNAME "freetype"
| #define PACKAGE_VERSION "2.5.1"
| #define PACKAGE_STRING "FreeType 2.5.1"
| #define PACKAGE_BUGREPORT "freetype@nongnu.org"
| #define PACKAGE_URL ""
| /* end confdefs.h.  */
| #include <ac_nonexistent.h>
configure:3419: result: arm-linux-gnueabihf-gcc -E
configure:3439: arm-linux-gnueabihf-gcc -E  conftest.c
configure:3439: $? = 0
configure:3453: arm-linux-gnueabihf-gcc -E  conftest.c
conftest.c:9:28: fatal error: ac_nonexistent.h: No such file or directory
 #include <ac_nonexistent.h>
                            ^
compilation terminated.
configure:3453: $? = 1
configure: failed program was:
| /* confdefs.h */
| #define PACKAGE_NAME "FreeType"
| #define PACKAGE_TARNAME "freetype"
| #define PACKAGE_VERSION "2.5.1"
| #define PACKAGE_STRING "FreeType 2.5.1"
| #define PACKAGE_BUGREPORT "freetype@nongnu.org"
| #define PACKAGE_URL ""
| /* end confdefs.h.  */
| #include <ac_nonexistent.h>
configure:3489: checking for i686-pc-linux-gnu-gcc
configure:3519: result: no
configure:3526: checking for gcc
configure:3542: found /usr/bin/gcc
configure:3553: result: gcc
configure:3563: checking for gcc
configure:3607: result: gcc
configure:3617: checking for suffix of native executables
configure:3631: result: 
configure:3646: checking for rmdir
configure:3662: found /bin/rmdir
configure:3673: result: rmdir
configure:3701: checking for a BSD-compatible install
configure:3769: result: /usr/bin/install -c
configure:3793: checking for grep that handles long lines and -e
configure:3851: result: /bin/grep
configure:3856: checking for egrep
configure:3918: result: /bin/grep -E
configure:3923: checking for ANSI C header files
configure:3943: arm-linux-gnueabihf-gcc -c -g -O2  conftest.c >&5
configure:3943: $? = 0
configure:4027: result: yes
configure:4040: checking for sys/types.h
configure:4040: arm-linux-gnueabihf-gcc -c -g -O2  conftest.c >&5
configure:4040: $? = 0
configure:4040: result: yes
configure:4040: checking for sys/stat.h
configure:4040: arm-linux-gnueabihf-gcc -c -g -O2  conftest.c >&5
configure:4040: $? = 0
configure:4040: result: yes
configure:4040: checking for stdlib.h
configure:4040: arm-linux-gnueabihf-gcc -c -g -O2  conftest.c >&5
configure:4040: $? = 0
configure:4040: result: yes
configure:4040: checking for string.h
configure:4040: arm-linux-gnueabihf-gcc -c -g -O2  conftest.c >&5
configure:4040: $? = 0
configure:4040: result: yes
configure:4040: checking for memory.h
configure:4040: arm-linux-gnueabihf-gcc -c -g -O2  conftest.c >&5
configure:4040: $? = 0
configure:4040: result: yes
configure:4040: checking for strings.h
configure:4040: arm-linux-gnueabihf-gcc -c -g -O2  conftest.c >&5
configure:4040: $? = 0
configure:4040: result: yes
configure:4040: checking for inttypes.h
configure:4040: arm-linux-gnueabihf-gcc -c -g -O2  conftest.c >&5
configure:4040: $? = 0
configure:4040: result: yes
configure:4040: checking for stdint.h
configure:4040: arm-linux-gnueabihf-gcc -c -g -O2  conftest.c >&5
configure:4040: $? = 0
configure:4040: result: yes
configure:4040: checking for unistd.h
configure:4040: arm-linux-gnueabihf-gcc -c -g -O2  conftest.c >&5
configure:4040: $? = 0
configure:4040: result: yes
configure:4055: checking fcntl.h usability
configure:4055: arm-linux-gnueabihf-gcc -c -g -O2  conftest.c >&5
configure:4055: $? = 0
configure:4055: result: yes
configure:4055: checking fcntl.h presence
configure:4055: arm-linux-gnueabihf-gcc -E  conftest.c
configure:4055: $? = 0
configure:4055: result: yes
configure:4055: checking for fcntl.h
configure:4055: result: yes
configure:4055: checking for unistd.h
configure:4055: result: yes
configure:4069: checking for an ANSI C-conforming const
configure:4135: arm-linux-gnueabihf-gcc -c -g -O2  conftest.c >&5
configure:4135: $? = 0
configure:4142: result: yes
configure:4154: checking size of int
configure:4159: arm-linux-gnueabihf-gcc -c -g -O2  conftest.c >&5
configure:4159: $? = 0
configure:4159: arm-linux-gnueabihf-gcc -c -g -O2  conftest.c >&5
conftest.c: In function 'main':
conftest.c:57:12: error: size of array 'test_array' is negative
 static int test_array [1 - 2 * !(((long int) (sizeof (int))) <= 0)];
            ^
configure:4159: $? = 1
configure: failed program was:
| /* confdefs.h */
| #define PACKAGE_NAME "FreeType"
| #define PACKAGE_TARNAME "freetype"
| #define PACKAGE_VERSION "2.5.1"
| #define PACKAGE_STRING "FreeType 2.5.1"
| #define PACKAGE_BUGREPORT "freetype@nongnu.org"
| #define PACKAGE_URL ""
| #define STDC_HEADERS 1
| #define HAVE_SYS_TYPES_H 1
| #define HAVE_SYS_STAT_H 1
| #define HAVE_STDLIB_H 1
| #define HAVE_STRING_H 1
| #define HAVE_MEMORY_H 1
| #define HAVE_STRINGS_H 1
| #define HAVE_INTTYPES_H 1
| #define HAVE_STDINT_H 1
| #define HAVE_UNISTD_H 1
| #define HAVE_FCNTL_H 1
| #define HAVE_UNISTD_H 1
| /* end confdefs.h.  */
| #include <stdio.h>
| #ifdef HAVE_SYS_TYPES_H
| # include <sys/types.h>
| #endif
| #ifdef HAVE_SYS_STAT_H
| # include <sys/stat.h>
| #endif
| #ifdef STDC_HEADERS
| # include <stdlib.h>
| # include <stddef.h>
| #else
| # ifdef HAVE_STDLIB_H
| #  include <stdlib.h>
| # endif
| #endif
| #ifdef HAVE_STRING_H
| # if !defined STDC_HEADERS && defined HAVE_MEMORY_H
| #  include <memory.h>
| # endif
| # include <string.h>
| #endif
| #ifdef HAVE_STRINGS_H
| # include <strings.h>
| #endif
| #ifdef HAVE_INTTYPES_H
| # include <inttypes.h>
| #endif
| #ifdef HAVE_STDINT_H
| # include <stdint.h>
| #endif
| #ifdef HAVE_UNISTD_H
| # include <unistd.h>
| #endif
| int
| main ()
| {
| static int test_array [1 - 2 * !(((long int) (sizeof (int))) <= 0)];
| test_array [0] = 0;
| return test_array [0];
| 
|   ;
|   return 0;
| }
configure:4159: arm-linux-gnueabihf-gcc -c -g -O2  conftest.c >&5
conftest.c: In function 'main':
conftest.c:57:12: error: size of array 'test_array' is negative
 static int test_array [1 - 2 * !(((long int) (sizeof (int))) <= 1)];
            ^
configure:4159: $? = 1
configure: failed program was:
| /* confdefs.h */
| #define PACKAGE_NAME "FreeType"
| #define PACKAGE_TARNAME "freetype"
| #define PACKAGE_VERSION "2.5.1"
| #define PACKAGE_STRING "FreeType 2.5.1"
| #define PACKAGE_BUGREPORT "freetype@nongnu.org"
| #define PACKAGE_URL ""
| #define STDC_HEADERS 1
| #define HAVE_SYS_TYPES_H 1
| #define HAVE_SYS_STAT_H 1
| #define HAVE_STDLIB_H 1
| #define HAVE_STRING_H 1
| #define HAVE_MEMORY_H 1
| #define HAVE_STRINGS_H 1
| #define HAVE_INTTYPES_H 1
| #define HAVE_STDINT_H 1
| #define HAVE_UNISTD_H 1
| #define HAVE_FCNTL_H 1
| #define HAVE_UNISTD_H 1
| /* end confdefs.h.  */
| #include <stdio.h>
| #ifdef HAVE_SYS_TYPES_H
| # include <sys/types.h>
| #endif
| #ifdef HAVE_SYS_STAT_H
| # include <sys/stat.h>
| #endif
| #ifdef STDC_HEADERS
| # include <stdlib.h>
| # include <stddef.h>
| #else
| # ifdef HAVE_STDLIB_H
| #  include <stdlib.h>
| # endif
| #endif
| #ifdef HAVE_STRING_H
| # if !defined STDC_HEADERS && defined HAVE_MEMORY_H
| #  include <memory.h>
| # endif
| # include <string.h>
| #endif
| #ifdef HAVE_STRINGS_H
| # include <strings.h>
| #endif
| #ifdef HAVE_INTTYPES_H
| # include <inttypes.h>
| #endif
| #ifdef HAVE_STDINT_H
| # include <stdint.h>
| #endif
| #ifdef HAVE_UNISTD_H
| # include <unistd.h>
| #endif
| int
| main ()
| {
| static int test_array [1 - 2 * !(((long int) (sizeof (int))) <= 1)];
| test_array [0] = 0;
| return test_array [0];
| 
|   ;
|   return 0;
| }
configure:4159: arm-linux-gnueabihf-gcc -c -g -O2  conftest.c >&5
conftest.c: In function 'main':
conftest.c:57:12: error: size of array 'test_array' is negative
 static int test_array [1 - 2 * !(((long int) (sizeof (int))) <= 3)];
            ^
configure:4159: $? = 1
configure: failed program was:
| /* confdefs.h */
| #define PACKAGE_NAME "FreeType"
| #define PACKAGE_TARNAME "freetype"
| #define PACKAGE_VERSION "2.5.1"
| #define PACKAGE_STRING "FreeType 2.5.1"
| #define PACKAGE_BUGREPORT "freetype@nongnu.org"
| #define PACKAGE_URL ""
| #define STDC_HEADERS 1
| #define HAVE_SYS_TYPES_H 1
| #define HAVE_SYS_STAT_H 1
| #define HAVE_STDLIB_H 1
| #define HAVE_STRING_H 1
| #define HAVE_MEMORY_H 1
| #define HAVE_STRINGS_H 1
| #define HAVE_INTTYPES_H 1
| #define HAVE_STDINT_H 1
| #define HAVE_UNISTD_H 1
| #define HAVE_FCNTL_H 1
| #define HAVE_UNISTD_H 1
| /* end confdefs.h.  */
| #include <stdio.h>
| #ifdef HAVE_SYS_TYPES_H
| # include <sys/types.h>
| #endif
| #ifdef HAVE_SYS_STAT_H
| # include <sys/stat.h>
| #endif
| #ifdef STDC_HEADERS
| # include <stdlib.h>
| # include <stddef.h>
| #else
| # ifdef HAVE_STDLIB_H
| #  include <stdlib.h>
| # endif
| #endif
| #ifdef HAVE_STRING_H
| # if !defined STDC_HEADERS && defined HAVE_MEMORY_H
| #  include <memory.h>
| # endif
| # include <string.h>
| #endif
| #ifdef HAVE_STRINGS_H
| # include <strings.h>
| #endif
| #ifdef HAVE_INTTYPES_H
| # include <inttypes.h>
| #endif
| #ifdef HAVE_STDINT_H
| # include <stdint.h>
| #endif
| #ifdef HAVE_UNISTD_H
| # include <unistd.h>
| #endif
| int
| main ()
| {
| static int test_array [1 - 2 * !(((long int) (sizeof (int))) <= 3)];
| test_array [0] = 0;
| return test_array [0];
| 
|   ;
|   return 0;
| }
configure:4159: arm-linux-gnueabihf-gcc -c -g -O2  conftest.c >&5
configure:4159: $? = 0
configure:4159: arm-linux-gnueabihf-gcc -c -g -O2  conftest.c >&5
configure:4159: $? = 0
configure:4159: arm-linux-gnueabihf-gcc -c -g -O2  conftest.c >&5
configure:4159: $? = 0
configure:4173: result: 4
configure:4187: checking size of long
configure:4192: arm-linux-gnueabihf-gcc -c -g -O2  conftest.c >&5
configure:4192: $? = 0
configure:4192: arm-linux-gnueabihf-gcc -c -g -O2  conftest.c >&5
conftest.c: In function 'main':
conftest.c:58:12: error: size of array 'test_array' is negative
 static int test_array [1 - 2 * !(((long int) (sizeof (long))) <= 0)];
            ^
configure:4192: $? = 1
configure: failed program was:
| /* confdefs.h */
| #define PACKAGE_NAME "FreeType"
| #define PACKAGE_TARNAME "freetype"
| #define PACKAGE_VERSION "2.5.1"
| #define PACKAGE_STRING "FreeType 2.5.1"
| #define PACKAGE_BUGREPORT "freetype@nongnu.org"
| #define PACKAGE_URL ""
| #define STDC_HEADERS 1
| #define HAVE_SYS_TYPES_H 1
| #define HAVE_SYS_STAT_H 1
| #define HAVE_STDLIB_H 1
| #define HAVE_STRING_H 1
| #define HAVE_MEMORY_H 1
| #define HAVE_STRINGS_H 1
| #define HAVE_INTTYPES_H 1
| #define HAVE_STDINT_H 1
| #define HAVE_UNISTD_H 1
| #define HAVE_FCNTL_H 1
| #define HAVE_UNISTD_H 1
| #define SIZEOF_INT 4
| /* end confdefs.h.  */
| #include <stdio.h>
| #ifdef HAVE_SYS_TYPES_H
| # include <sys/types.h>
| #endif
| #ifdef HAVE_SYS_STAT_H
| # include <sys/stat.h>
| #endif
| #ifdef STDC_HEADERS
| # include <stdlib.h>
| # include <stddef.h>
| #else
| # ifdef HAVE_STDLIB_H
| #  include <stdlib.h>
| # endif
| #endif
| #ifdef HAVE_STRING_H
| # if !defined STDC_HEADERS && defined HAVE_MEMORY_H
| #  include <memory.h>
| # endif
| # include <string.h>
| #endif
| #ifdef HAVE_STRINGS_H
| # include <strings.h>
| #endif
| #ifdef HAVE_INTTYPES_H
| # include <inttypes.h>
| #endif
| #ifdef HAVE_STDINT_H
| # include <stdint.h>
| #endif
| #ifdef HAVE_UNISTD_H
| # include <unistd.h>
| #endif
| int
| main ()
| {
| static int test_array [1 - 2 * !(((long int) (sizeof (long))) <= 0)];
| test_array [0] = 0;
| return test_array [0];
| 
|   ;
|   return 0;
| }
configure:4192: arm-linux-gnueabihf-gcc -c -g -O2  conftest.c >&5
conftest.c: In function 'main':
conftest.c:58:12: error: size of array 'test_array' is negative
 static int test_array [1 - 2 * !(((long int) (sizeof (long))) <= 1)];
            ^
configure:4192: $? = 1
configure: failed program was:
| /* confdefs.h */
| #define PACKAGE_NAME "FreeType"
| #define PACKAGE_TARNAME "freetype"
| #define PACKAGE_VERSION "2.5.1"
| #define PACKAGE_STRING "FreeType 2.5.1"
| #define PACKAGE_BUGREPORT "freetype@nongnu.org"
| #define PACKAGE_URL ""
| #define STDC_HEADERS 1
| #define HAVE_SYS_TYPES_H 1
| #define HAVE_SYS_STAT_H 1
| #define HAVE_STDLIB_H 1
| #define HAVE_STRING_H 1
| #define HAVE_MEMORY_H 1
| #define HAVE_STRINGS_H 1
| #define HAVE_INTTYPES_H 1
| #define HAVE_STDINT_H 1
| #define HAVE_UNISTD_H 1
| #define HAVE_FCNTL_H 1
| #define HAVE_UNISTD_H 1
| #define SIZEOF_INT 4
| /* end confdefs.h.  */
| #include <stdio.h>
| #ifdef HAVE_SYS_TYPES_H
| # include <sys/types.h>
| #endif
| #ifdef HAVE_SYS_STAT_H
| # include <sys/stat.h>
| #endif
| #ifdef STDC_HEADERS
| # include <stdlib.h>
| # include <stddef.h>
| #else
| # ifdef HAVE_STDLIB_H
| #  include <stdlib.h>
| # endif
| #endif
| #ifdef HAVE_STRING_H
| # if !defined STDC_HEADERS && defined HAVE_MEMORY_H
| #  include <memory.h>
| # endif
| # include <string.h>
| #endif
| #ifdef HAVE_STRINGS_H
| # include <strings.h>
| #endif
| #ifdef HAVE_INTTYPES_H
| # include <inttypes.h>
| #endif
| #ifdef HAVE_STDINT_H
| # include <stdint.h>
| #endif
| #ifdef HAVE_UNISTD_H
| # include <unistd.h>
| #endif
| int
| main ()
| {
| static int test_array [1 - 2 * !(((long int) (sizeof (long))) <= 1)];
| test_array [0] = 0;
| return test_array [0];
| 
|   ;
|   return 0;
| }
configure:4192: arm-linux-gnueabihf-gcc -c -g -O2  conftest.c >&5
conftest.c: In function 'main':
conftest.c:58:12: error: size of array 'test_array' is negative
 static int test_array [1 - 2 * !(((long int) (sizeof (long))) <= 3)];
            ^
configure:4192: $? = 1
configure: failed program was:
| /* confdefs.h */
| #define PACKAGE_NAME "FreeType"
| #define PACKAGE_TARNAME "freetype"
| #define PACKAGE_VERSION "2.5.1"
| #define PACKAGE_STRING "FreeType 2.5.1"
| #define PACKAGE_BUGREPORT "freetype@nongnu.org"
| #define PACKAGE_URL ""
| #define STDC_HEADERS 1
| #define HAVE_SYS_TYPES_H 1
| #define HAVE_SYS_STAT_H 1
| #define HAVE_STDLIB_H 1
| #define HAVE_STRING_H 1
| #define HAVE_MEMORY_H 1
| #define HAVE_STRINGS_H 1
| #define HAVE_INTTYPES_H 1
| #define HAVE_STDINT_H 1
| #define HAVE_UNISTD_H 1
| #define HAVE_FCNTL_H 1
| #define HAVE_UNISTD_H 1
| #define SIZEOF_INT 4
| /* end confdefs.h.  */
| #include <stdio.h>
| #ifdef HAVE_SYS_TYPES_H
| # include <sys/types.h>
| #endif
| #ifdef HAVE_SYS_STAT_H
| # include <sys/stat.h>
| #endif
| #ifdef STDC_HEADERS
| # include <stdlib.h>
| # include <stddef.h>
| #else
| # ifdef HAVE_STDLIB_H
| #  include <stdlib.h>
| # endif
| #endif
| #ifdef HAVE_STRING_H
| # if !defined STDC_HEADERS && defined HAVE_MEMORY_H
| #  include <memory.h>
| # endif
| # include <string.h>
| #endif
| #ifdef HAVE_STRINGS_H
| # include <strings.h>
| #endif
| #ifdef HAVE_INTTYPES_H
| # include <inttypes.h>
| #endif
| #ifdef HAVE_STDINT_H
| # include <stdint.h>
| #endif
| #ifdef HAVE_UNISTD_H
| # include <unistd.h>
| #endif
| int
| main ()
| {
| static int test_array [1 - 2 * !(((long int) (sizeof (long))) <= 3)];
| test_array [0] = 0;
| return test_array [0];
| 
|   ;
|   return 0;
| }
configure:4192: arm-linux-gnueabihf-gcc -c -g -O2  conftest.c >&5
configure:4192: $? = 0
configure:4192: arm-linux-gnueabihf-gcc -c -g -O2  conftest.c >&5
configure:4192: $? = 0
configure:4192: arm-linux-gnueabihf-gcc -c -g -O2  conftest.c >&5
configure:4192: $? = 0
configure:4206: result: 4
configure:4220: checking whether cpp computation of bit length in ftconfig.in works
configure:4277: result: yes
configure:4315: checking for stdlib.h
configure:4315: result: yes
configure:4315: checking for unistd.h
configure:4315: result: yes
configure:4315: checking for sys/param.h
configure:4315: arm-linux-gnueabihf-gcc -c -g -O2  conftest.c >&5
configure:4315: $? = 0
configure:4315: result: yes
configure:4335: checking for getpagesize
configure:4335: arm-linux-gnueabihf-gcc -o conftest -g -O2   conftest.c  >&5
configure:4335: $? = 0
configure:4335: result: yes
configure:4344: checking for working mmap
configure:4501: result: no
configure:4569: checking for memcpy
configure:4569: arm-linux-gnueabihf-gcc -o conftest -g -O2   conftest.c  >&5
conftest.c:50:6: warning: conflicting types for built-in function 'memcpy' [enabled by default]
 char memcpy ();
      ^
configure:4569: $? = 0
configure:4569: result: yes
configure:4569: checking for memmove
configure:4569: arm-linux-gnueabihf-gcc -o conftest -g -O2   conftest.c  >&5
conftest.c:51:6: warning: conflicting types for built-in function 'memmove' [enabled by default]
 char memmove ();
      ^
configure:4569: $? = 0
configure:4569: result: yes
configure:4592: checking gcc compiler flag -pedantic to assure ANSI C works correctly
configure:4609: arm-linux-gnueabihf-gcc -c -g -O2  -pedantic  conftest.c >&5
configure:4609: $? = 0
configure:4611: result: ok, add it to XX_ANSIFLAGS
configure:4592: checking gcc compiler flag -ansi to assure ANSI C works correctly
configure:4609: arm-linux-gnueabihf-gcc -c -g -O2  -pedantic -ansi  conftest.c >&5
configure:4609: $? = 0
configure:4611: result: ok, add it to XX_ANSIFLAGS
configure:4651: checking for gzsetparams in -lz
configure:4676: arm-linux-gnueabihf-gcc -o conftest -g -O2   conftest.c -lz   >&5
/opt/gcc-linaro-arm-linux-gnueabihf-4.8-2013.04-20130417_linux/bin/../lib/gcc/arm-linux-gnueabihf/4.8.1/../../../../arm-linux-gnueabihf/bin/ld: cannot find -lz
collect2: error: ld returned 1 exit status
configure:4676: $? = 1
configure: failed program was:
| /* confdefs.h */
| #define PACKAGE_NAME "FreeType"
| #define PACKAGE_TARNAME "freetype"
| #define PACKAGE_VERSION "2.5.1"
| #define PACKAGE_STRING "FreeType 2.5.1"
| #define PACKAGE_BUGREPORT "freetype@nongnu.org"
| #define PACKAGE_URL ""
| #define STDC_HEADERS 1
| #define HAVE_SYS_TYPES_H 1
| #define HAVE_SYS_STAT_H 1
| #define HAVE_STDLIB_H 1
| #define HAVE_STRING_H 1
| #define HAVE_MEMORY_H 1
| #define HAVE_STRINGS_H 1
| #define HAVE_INTTYPES_H 1
| #define HAVE_STDINT_H 1
| #define HAVE_UNISTD_H 1
| #define HAVE_FCNTL_H 1
| #define HAVE_UNISTD_H 1
| #define SIZEOF_INT 4
| #define SIZEOF_LONG 4
| #define HAVE_STDLIB_H 1
| #define HAVE_UNISTD_H 1
| #define HAVE_SYS_PARAM_H 1
| #define HAVE_GETPAGESIZE 1
| #define HAVE_MEMCPY 1
| #define HAVE_MEMMOVE 1
| /* end confdefs.h.  */
| 
| /* Override any GCC internal prototype to avoid an error.
|    Use char because int might match the return type of a GCC
|    builtin and then its argument prototype would still apply.  */
| #ifdef __cplusplus
| extern "C"
| #endif
| char gzsetparams ();
| int
| main ()
| {
| return gzsetparams ();
|   ;
|   return 0;
| }
configure:4685: result: no
configure:4712: checking for BZ2_bzDecompress in -lbz2
configure:4737: arm-linux-gnueabihf-gcc -o conftest -g -O2   conftest.c -lbz2   >&5
/opt/gcc-linaro-arm-linux-gnueabihf-4.8-2013.04-20130417_linux/bin/../lib/gcc/arm-linux-gnueabihf/4.8.1/../../../../arm-linux-gnueabihf/bin/ld: cannot find -lbz2
collect2: error: ld returned 1 exit status
configure:4737: $? = 1
configure: failed program was:
| /* confdefs.h */
| #define PACKAGE_NAME "FreeType"
| #define PACKAGE_TARNAME "freetype"
| #define PACKAGE_VERSION "2.5.1"
| #define PACKAGE_STRING "FreeType 2.5.1"
| #define PACKAGE_BUGREPORT "freetype@nongnu.org"
| #define PACKAGE_URL ""
| #define STDC_HEADERS 1
| #define HAVE_SYS_TYPES_H 1
| #define HAVE_SYS_STAT_H 1
| #define HAVE_STDLIB_H 1
| #define HAVE_STRING_H 1
| #define HAVE_MEMORY_H 1
| #define HAVE_STRINGS_H 1
| #define HAVE_INTTYPES_H 1
| #define HAVE_STDINT_H 1
| #define HAVE_UNISTD_H 1
| #define HAVE_FCNTL_H 1
| #define HAVE_UNISTD_H 1
| #define SIZEOF_INT 4
| #define SIZEOF_LONG 4
| #define HAVE_STDLIB_H 1
| #define HAVE_UNISTD_H 1
| #define HAVE_SYS_PARAM_H 1
| #define HAVE_GETPAGESIZE 1
| #define HAVE_MEMCPY 1
| #define HAVE_MEMMOVE 1
| /* end confdefs.h.  */
| 
| /* Override any GCC internal prototype to avoid an error.
|    Use char because int might match the return type of a GCC
|    builtin and then its argument prototype would still apply.  */
| #ifdef __cplusplus
| extern "C"
| #endif
| char BZ2_bzDecompress ();
| int
| main ()
| {
| return BZ2_bzDecompress ();
|   ;
|   return 0;
| }
configure:4746: result: no
configure:4773: checking for libpng
configure:4790: result: -L/opt/local/lib
configure:5428: checking how to print strings
configure:5455: result: printf
configure:5476: checking for a sed that does not truncate output
configure:5540: result: /bin/sed
configure:5558: checking for fgrep
configure:5620: result: /bin/grep -F
configure:5655: checking for ld used by arm-linux-gnueabihf-gcc
configure:5722: result: /opt/gcc-linaro-arm-linux-gnueabihf-4.8-2013.04-20130417_linux/arm-linux-gnueabihf/bin/ld
configure:5729: checking if the linker (/opt/gcc-linaro-arm-linux-gnueabihf-4.8-2013.04-20130417_linux/arm-linux-gnueabihf/bin/ld) is GNU ld
configure:5744: result: yes
configure:5756: checking for BSD- or MS-compatible name lister (nm)
configure:5805: result: no
configure:5819: checking for arm-linux-dumpbin
configure:5849: result: no
configure:5819: checking for arm-linux-link
configure:5849: result: no
configure:5863: checking for dumpbin
configure:5893: result: no
configure:5863: checking for link
configure:5879: found /usr/bin/link
configure:5890: result: link -dump
configure:5906: WARNING: using cross tools not prefixed with host triplet
configure:5935: checking the name lister (nm) interface
configure:5942: arm-linux-gnueabihf-gcc -c -g -O2  conftest.c >&5
configure:5945: nm "conftest.o"
configure:5948: output
00000000 b $d
00000000 B some_variable
configure:5955: result: BSD nm
configure:5958: checking whether ln -s works
configure:5962: result: yes
configure:5970: checking the maximum length of command line arguments
configure:6100: result: 805306365
configure:6117: checking whether the shell understands some XSI constructs
configure:6127: result: yes
configure:6131: checking whether the shell understands "+="
configure:6137: result: yes
configure:6172: checking how to convert i686-pc-linux-gnu file names to arm-unknown-linux-gnu format
configure:6212: result: func_convert_file_noop
configure:6219: checking how to convert i686-pc-linux-gnu file names to toolchain format
configure:6239: result: func_convert_file_noop
configure:6246: checking for /opt/gcc-linaro-arm-linux-gnueabihf-4.8-2013.04-20130417_linux/arm-linux-gnueabihf/bin/ld option to reload object files
configure:6253: result: -r
configure:6287: checking for arm-linux-objdump
configure:6317: result: no
configure:6327: checking for objdump
configure:6343: found /usr/bin/objdump
configure:6354: result: objdump
configure:6383: checking how to recognize dependent libraries
configure:6585: result: pass_all
configure:6630: checking for arm-linux-dlltool
configure:6660: result: no
configure:6670: checking for dlltool
configure:6700: result: no
configure:6727: checking how to associate runtime and link libraries
configure:6754: result: printf %s\n
configure:6770: checking for arm-linux-ar
configure:6800: result: no
configure:6814: checking for ar
configure:6830: found /usr/bin/ar
configure:6841: result: ar
configure:6878: checking for archiver @FILE support
configure:6895: arm-linux-gnueabihf-gcc -c -g -O2  conftest.c >&5
configure:6895: $? = 0
configure:6898: ar cru libconftest.a @conftest.lst >&5
configure:6901: $? = 0
configure:6906: ar cru libconftest.a @conftest.lst >&5
ar: conftest.o: No such file or directory
configure:6909: $? = 1
configure:6921: result: @
configure:6939: checking for arm-linux-strip
configure:6969: result: no
configure:6979: checking for strip
configure:6995: found /usr/bin/strip
configure:7006: result: strip
configure:7038: checking for arm-linux-ranlib
configure:7068: result: no
configure:7078: checking for ranlib
configure:7094: found /usr/bin/ranlib
configure:7105: result: ranlib
configure:7182: checking for gawk
configure:7212: result: no
configure:7182: checking for mawk
configure:7198: found /usr/bin/mawk
configure:7209: result: mawk
configure:7249: checking command to parse nm output from arm-linux-gnueabihf-gcc object
configure:7369: arm-linux-gnueabihf-gcc -c -g -O2  conftest.c >&5
configure:7372: $? = 0
configure:7376: nm conftest.o \| sed -n -e 's/^.*[ ]\([ABCDGIRSTW][ABCDGIRSTW]*\)[ ][ ]*\([_A-Za-z][_A-Za-z0-9]*\)$/\1 \2 \2/p' | sed '/ __gnu_lto/d' \> conftest.nm
configure:7379: $? = 0
configure:7445: arm-linux-gnueabihf-gcc -o conftest -g -O2   conftest.c conftstm.o >&5
configure:7448: $? = 0
configure:7486: result: ok
configure:7523: checking for sysroot
configure:7553: result: no
configure:7769: checking for arm-linux-mt
configure:7799: result: no
configure:7809: checking for mt
configure:7825: found /bin/mt
configure:7836: result: mt
configure:7859: checking if mt is a manifest tool
configure:7865: mt '-?'
configure:7873: result: no
configure:8512: checking for dlfcn.h
configure:8512: arm-linux-gnueabihf-gcc -c -g -O2  conftest.c >&5
configure:8512: $? = 0
configure:8512: result: yes
configure:9016: checking for objdir
configure:9031: result: .libs
configure:9298: checking if arm-linux-gnueabihf-gcc supports -fno-rtti -fno-exceptions
configure:9316: arm-linux-gnueabihf-gcc -c -g -O2  -fno-rtti -fno-exceptions conftest.c >&5
cc1: warning: command line option '-fno-rtti' is valid for C++/ObjC++ but not for C [enabled by default]
configure:9320: $? = 0
configure:9333: result: no
configure:9660: checking for arm-linux-gnueabihf-gcc option to produce PIC
configure:9667: result: -fPIC -DPIC
configure:9675: checking if arm-linux-gnueabihf-gcc PIC flag -fPIC -DPIC works
configure:9693: arm-linux-gnueabihf-gcc -c -g -O2  -fPIC -DPIC -DPIC conftest.c >&5
configure:9697: $? = 0
configure:9710: result: yes
configure:9739: checking if arm-linux-gnueabihf-gcc static flag -static works
configure:9767: result: yes
configure:9782: checking if arm-linux-gnueabihf-gcc supports -c -o file.o
configure:9803: arm-linux-gnueabihf-gcc -c -g -O2  -o out/conftest2.o conftest.c >&5
configure:9807: $? = 0
configure:9829: result: yes
configure:9837: checking if arm-linux-gnueabihf-gcc supports -c -o file.o
configure:9884: result: yes
configure:9917: checking whether the arm-linux-gnueabihf-gcc linker (/opt/gcc-linaro-arm-linux-gnueabihf-4.8-2013.04-20130417_linux/arm-linux-gnueabihf/bin/ld) supports shared libraries
configure:11070: result: yes
configure:11107: checking whether -lc should be explicitly linked in
configure:11115: arm-linux-gnueabihf-gcc -c -g -O2  conftest.c >&5
configure:11118: $? = 0
configure:11133: arm-linux-gnueabihf-gcc -shared  -fPIC -DPIC conftest.o  -v -Wl,-soname -Wl,conftest -o conftest 2\>\&1 \| /bin/grep  -lc  \>/dev/null 2\>\&1
configure:11136: $? = 0
configure:11150: result: no
configure:11310: checking dynamic linker characteristics
configure:11821: arm-linux-gnueabihf-gcc -o conftest -g -O2   -Wl,-rpath -Wl,/foo conftest.c  >&5
configure:11821: $? = 0
configure:12043: result: GNU/Linux ld.so
configure:12150: checking how to hardcode library paths into programs
configure:12175: result: immediate
configure:12715: checking whether stripping libraries is possible
configure:12720: result: yes
configure:12755: checking if libtool supports shared libraries
configure:12757: result: yes
configure:12760: checking whether to build shared libraries
configure:12781: result: yes
configure:12784: checking whether to build static libraries
configure:12788: result: yes
configure:12981: creating ./config.status

## ---------------------- ##
## Running config.status. ##
## ---------------------- ##

This file was extended by FreeType config.status 2.5.1, which was
generated by GNU Autoconf 2.69.  Invocation command line was

  CONFIG_FILES    = 
  CONFIG_HEADERS  = 
  CONFIG_LINKS    = 
  CONFIG_COMMANDS = 
  $ ./config.status 

on fusion

config.status:1071: creating unix-cc.mk
config.status:1071: creating unix-def.mk
config.status:1071: creating ftconfig.h
config.status:1260: executing libtool commands

## ---------------- ##
## Cache variables. ##
## ---------------- ##

ac_cv_build=i686-pc-linux-gnu
ac_cv_c_compiler_gnu=yes
ac_cv_c_const=yes
ac_cv_env_CC_set=set
ac_cv_env_CC_value=arm-linux-gnueabihf-gcc
ac_cv_env_CFLAGS_set=
ac_cv_env_CFLAGS_value=
ac_cv_env_CPPFLAGS_set=
ac_cv_env_CPPFLAGS_value=
ac_cv_env_CPP_set=
ac_cv_env_CPP_value=
ac_cv_env_LDFLAGS_set=
ac_cv_env_LDFLAGS_value=
ac_cv_env_LIBS_set=
ac_cv_env_LIBS_value=
ac_cv_env_build_alias_set=
ac_cv_env_build_alias_value=
ac_cv_env_host_alias_set=set
ac_cv_env_host_alias_value=arm-linux
ac_cv_env_target_alias_set=
ac_cv_env_target_alias_value=
ac_cv_func_getpagesize=yes
ac_cv_func_memcpy=yes
ac_cv_func_memmove=yes
ac_cv_func_mmap_fixed_mapped=no
ac_cv_header_dlfcn_h=yes
ac_cv_header_fcntl_h=yes
ac_cv_header_inttypes_h=yes
ac_cv_header_memory_h=yes
ac_cv_header_stdc=yes
ac_cv_header_stdint_h=yes
ac_cv_header_stdlib_h=yes
ac_cv_header_string_h=yes
ac_cv_header_strings_h=yes
ac_cv_header_sys_param_h=yes
ac_cv_header_sys_stat_h=yes
ac_cv_header_sys_types_h=yes
ac_cv_header_unistd_h=yes
ac_cv_host=arm-unknown-linux-gnu
ac_cv_lib_bz2_BZ2_bzDecompress=no
ac_cv_lib_z_gzsetparams=no
ac_cv_objext=o
ac_cv_path_EGREP='/bin/grep -E'
ac_cv_path_FGREP='/bin/grep -F'
ac_cv_path_GREP=/bin/grep
ac_cv_path_SED=/bin/sed
ac_cv_path_install='/usr/bin/install -c'
ac_cv_prog_AWK=mawk
ac_cv_prog_CC=arm-linux-gnueabihf-gcc
ac_cv_prog_CC_BUILD=gcc
ac_cv_prog_CPP='arm-linux-gnueabihf-gcc -E'
ac_cv_prog_RMDIR=rmdir
ac_cv_prog_ac_ct_AR=ar
ac_cv_prog_ac_ct_DUMPBIN='link -dump'
ac_cv_prog_ac_ct_MANIFEST_TOOL=mt
ac_cv_prog_ac_ct_OBJDUMP=objdump
ac_cv_prog_ac_ct_RANLIB=ranlib
ac_cv_prog_ac_ct_STRIP=strip
ac_cv_prog_cc_c89=
ac_cv_prog_cc_g=yes
ac_cv_sizeof_int=4
ac_cv_sizeof_long=4
lt_cv_ar_at_file=@
lt_cv_archive_cmds_need_lc=no
lt_cv_deplibs_check_method=pass_all
lt_cv_file_magic_cmd='$MAGIC_CMD'
lt_cv_file_magic_test_file=
lt_cv_ld_reload_flag=-r
lt_cv_nm_interface='BSD nm'
lt_cv_objdir=.libs
lt_cv_path_LD=/opt/gcc-linaro-arm-linux-gnueabihf-4.8-2013.04-20130417_linux/arm-linux-gnueabihf/bin/ld
lt_cv_path_NM=no
lt_cv_path_mainfest_tool=no
lt_cv_prog_compiler_c_o=yes
lt_cv_prog_compiler_pic='-fPIC -DPIC'
lt_cv_prog_compiler_pic_works=yes
lt_cv_prog_compiler_rtti_exceptions=no
lt_cv_prog_compiler_static_works=yes
lt_cv_prog_gnu_ld=yes
lt_cv_sharedlib_from_linklib_cmd='printf %s\n'
lt_cv_shlibpath_overrides_runpath=no
lt_cv_sys_global_symbol_pipe='sed -n -e '\''s/^.*[	 ]\([ABCDGIRSTW][ABCDGIRSTW]*\)[	 ][	 ]*\([_A-Za-z][_A-Za-z0-9]*\)$/\1 \2 \2/p'\'' | sed '\''/ __gnu_lto/d'\'''
lt_cv_sys_global_symbol_to_c_name_address='sed -n -e '\''s/^: \([^ ]*\)[ ]*$/  {\"\1\", (void *) 0},/p'\'' -e '\''s/^[ABCDGIRSTW]* \([^ ]*\) \([^ ]*\)$/  {"\2", (void *) \&\2},/p'\'''
lt_cv_sys_global_symbol_to_c_name_address_lib_prefix='sed -n -e '\''s/^: \([^ ]*\)[ ]*$/  {\"\1\", (void *) 0},/p'\'' -e '\''s/^[ABCDGIRSTW]* \([^ ]*\) \(lib[^ ]*\)$/  {"\2", (void *) \&\2},/p'\'' -e '\''s/^[ABCDGIRSTW]* \([^ ]*\) \([^ ]*\)$/  {"lib\2", (void *) \&\2},/p'\'''
lt_cv_sys_global_symbol_to_cdecl='sed -n -e '\''s/^T .* \(.*\)$/extern int \1();/p'\'' -e '\''s/^[ABCDGIRSTW]* .* \(.*\)$/extern char \1;/p'\'''
lt_cv_sys_max_cmd_len=805306365
lt_cv_to_host_file_cmd=func_convert_file_noop
lt_cv_to_tool_file_cmd=func_convert_file_noop

## ----------------- ##
## Output variables. ##
## ----------------- ##

AR='ar'
AS='as'
AWK='mawk'
CC='arm-linux-gnueabihf-gcc'
CC_BUILD='gcc'
CFLAGS='-g -O2 -I/opt/local/include -DFT_CONFIG_OPTION_USE_PNG'
CPP='arm-linux-gnueabihf-gcc -E'
CPPFLAGS=''
DEFS='-DHAVE_CONFIG_H'
DLLTOOL='false'
DSYMUTIL=''
DUMPBIN=':'
ECHO_C=''
ECHO_N='-n'
ECHO_T=''
EGREP='/bin/grep -E'
EXEEXT=''
EXEEXT_BUILD=''
FGREP='/bin/grep -F'
FT2_EXTRA_LIBS=''
FTSYS_SRC='$(BASE_DIR)/ftsystem.c'
GREP='/bin/grep'
INSTALL_DATA='${INSTALL} -m 644'
INSTALL_PROGRAM='${INSTALL}'
INSTALL_SCRIPT='${INSTALL}'
LD='/opt/gcc-linaro-arm-linux-gnueabihf-4.8-2013.04-20130417_linux/arm-linux-gnueabihf/bin/ld'
LDFLAGS=' -L/opt/local/lib'
LIBBZ2=''
LIBOBJS=''
LIBPNG=''
LIBS=''
LIBTOOL='$(SHELL) $(top_builddir)/libtool'
LIBZ=''
LIPO=''
LN_S='ln -s'
LTLIBOBJS=''
MANIFEST_TOOL=':'
NM='nm'
NMEDIT=''
OBJDUMP='objdump'
OBJEXT='o'
OTOOL64=''
OTOOL=''
PACKAGE_BUGREPORT='freetype@nongnu.org'
PACKAGE_NAME='FreeType'
PACKAGE_STRING='FreeType 2.5.1'
PACKAGE_TARNAME='freetype'
PACKAGE_URL=''
PACKAGE_VERSION='2.5.1'
PATH_SEPARATOR=':'
RANLIB='ranlib'
RMDIR='rmdir'
SED='/bin/sed'
SHELL='/bin/bash'
STRIP='strip'
SYSTEM_ZLIB=''
XX_ANSIFLAGS=' -pedantic -ansi'
XX_CFLAGS='-Wall'
ac_ct_AR='ar'
ac_ct_CC=''
ac_ct_DUMPBIN='link -dump'
bindir='${exec_prefix}/bin'
build='i686-pc-linux-gnu'
build_alias=''
build_cpu='i686'
build_libtool_libs=''
build_os='linux-gnu'
build_vendor='pc'
datadir='${datarootdir}'
datarootdir='${prefix}/share'
docdir='${datarootdir}/doc/${PACKAGE_TARNAME}'
dvidir='${docdir}'
exec_prefix='${prefix}'
ft_version='17.0.11'
ftmac_c=''
hardcode_libdir_flag_spec='${wl}-rpath ${wl}$libdir'
host='arm-unknown-linux-gnu'
host_alias='arm-linux'
host_cpu='arm'
host_os='linux-gnu'
host_vendor='unknown'
htmldir='${docdir}'
includedir='${prefix}/include'
infodir='${datarootdir}/info'
libdir='${exec_prefix}/lib'
libexecdir='${exec_prefix}/libexec'
localedir='${datarootdir}/locale'
localstatedir='${prefix}/var'
mandir='${datarootdir}/man'
oldincludedir='/usr/include'
pdfdir='${docdir}'
prefix='/opt/local'
program_transform_name='s,x,x,'
psdir='${docdir}'
sbindir='${exec_prefix}/sbin'
sharedstatedir='${prefix}/com'
sysconfdir='${prefix}/etc'
target_alias=''
version_info='17:0:11'
wl='-Wl,'

## ----------- ##
## confdefs.h. ##
## ----------- ##

/* confdefs.h */
#define PACKAGE_NAME "FreeType"
#define PACKAGE_TARNAME "freetype"
#define PACKAGE_VERSION "2.5.1"
#define PACKAGE_STRING "FreeType 2.5.1"
#define PACKAGE_BUGREPORT "freetype@nongnu.org"
#define PACKAGE_URL ""
#define STDC_HEADERS 1
#define HAVE_SYS_TYPES_H 1
#define HAVE_SYS_STAT_H 1
#define HAVE_STDLIB_H 1
#define HAVE_STRING_H 1
#define HAVE_MEMORY_H 1
#define HAVE_STRINGS_H 1
#define HAVE_INTTYPES_H 1
#define HAVE_STDINT_H 1
#define HAVE_UNISTD_H 1
#define HAVE_FCNTL_H 1
#define HAVE_UNISTD_H 1
#define SIZEOF_INT 4
#define SIZEOF_LONG 4
#define HAVE_STDLIB_H 1
#define HAVE_UNISTD_H 1
#define HAVE_SYS_PARAM_H 1
#define HAVE_GETPAGESIZE 1
#define HAVE_MEMCPY 1
#define HAVE_MEMMOVE 1
#define HAVE_DLFCN_H 1
#define LT_OBJDIR ".libs/"

configure: exit 0
